Log file open, 11/03/17 11:33:04
LogInit:Display: Running engine for game: MyProject
LogPlatformFile: Not using cached read wrapper
LogInit:Display: RandInit(-1419757259) SRandInit(-1419757258).
LogTaskGraph: Started task graph with 5 named threads and 8 total threads with 1 sets of task threads.
LogStats: Stats thread started at 0.180636
LogInit: Using libcurl 7.47.1
LogInit:  - built for x86_64-pc-win32
LogInit:  - supports SSL with OpenSSL/1.0.2g
LogInit:  - supports HTTP deflate (compression) using libz 1.2.8
LogInit:  - other features:
LogInit:      CURL_VERSION_SSL
LogInit:      CURL_VERSION_LIBZ
LogInit:      CURL_VERSION_IPV6
LogInit:      CURL_VERSION_ASYNCHDNS
LogInit:      CURL_VERSION_LARGEFILE
LogInit:      CURL_VERSION_IDN
LogInit:  CurlRequestOptions (configurable via config and command line):
LogInit:  - bVerifyPeer = false  - Libcurl will NOT verify peer certificate
LogInit:  - bUseHttpProxy = false  - Libcurl will NOT use HTTP proxy
LogInit:  - bDontReuseConnections = false  - Libcurl will reuse connections
LogInit:  - CertBundlePath = nullptr  - Libcurl will use whatever was configured at build time.
LogInit: Build: ++UE4+Release-4.16-CL-3514769
LogInit: Engine Version: 4.16.2-3514769+++UE4+Release-4.16
LogInit: Compatible Engine Version: 4.16.0-3452394+++UE4+Release-4.16
LogInit: Net CL: 3452394
LogDevObjectVersion: Number of dev versions registered: 16
LogDevObjectVersion:   Dev-Blueprints (B0D832E4-1F89-4F0D-ACCF-7EB736FD4AA2): 9
LogDevObjectVersion:   Dev-Build (E1C64328-A22C-4D53-A36C-8E866417BD8C): 0
LogDevObjectVersion:   Dev-Core (375EC13C-06E4-48FB-B500-84F0262A717E): 2
LogDevObjectVersion:   Dev-Editor (E4B068ED-F494-42E9-A231-DA0B2E46BB41): 17
LogDevObjectVersion:   Dev-Framework (CFFC743F-43B0-4480-9391-14DF171D2073): 23
LogDevObjectVersion:   Dev-Mobile (B02B49B5-BB20-44E9-A304-32B752E40360): 0
LogDevObjectVersion:   Dev-Networking (A4E4105C-59A1-49B5-A7C5-40C4547EDFEE): 0
LogDevObjectVersion:   Dev-Online (39C831C9-5AE6-47DC-9A44-9C173E1C8E7C): 0
LogDevObjectVersion:   Dev-Physics (78F01B33-EBEA-4F98-B9B4-84EACCB95AA2): 0
LogDevObjectVersion:   Dev-Platform (6631380F-2D4D-43E0-8009-CF276956A95A): 0
LogDevObjectVersion:   Dev-Rendering (12F88B9F-8875-4AFC-A67C-D90C383ABD29): 15
LogDevObjectVersion:   Dev-Sequencer (7B5AE74C-D270-4C10-A958-57980B212A5A): 4
LogDevObjectVersion:   Dev-VR (D7296918-1DD6-4BDD-9DE2-64A83CC13884): 0
LogDevObjectVersion:   Dev-LoadTimes (C2A15278-BFE7-4AFE-6C17-90FF531DF755): 1
LogDevObjectVersion:   Private-Geometry (6EACA3D4-40EC-4CC1-B786-8BED09428FC5): 1
LogDevObjectVersion:   Dev-AnimPhys (29E575DD-E0A3-4627-9D10-D276232CDCEA): 3
LogInit: Compiled (64-bit): Jun 29 2017 02:03:24
LogInit: Compiled with Visual C++: 19.00.24215.01
LogInit: Build Configuration: Development
LogInit: Branch Name: ++UE4+Release-4.16
LogInit: Command line:  
LogInit: Base directory: C:/Program Files/Epic Games/UE_4.16/Engine/Binaries/Win64/
LogInit: Installed Engine Build: 1
LogInit: Presizing for max 8388607 objects, including 0 objects not considered by GC, pre-allocating 0 bytes for permanent pool.
LogInit: Object subsystem initialized
[2017.11.03-15.33.04:770][  0]LogInit: Selected Device Profile: [Windows]
[2017.11.03-15.33.04:770][  0]LogInit: Applying CVar settings loaded from the selected device profile: [Windows]
[2017.11.03-15.33.04:882][  0]LogInit: Computer: IGM2025-29
[2017.11.03-15.33.04:882][  0]LogInit: User: mxm9131
[2017.11.03-15.33.04:882][  0]LogInit: CPU Page size=4096, Cores=4
[2017.11.03-15.33.04:882][  0]LogInit: High frequency timer resolution =3.515623 MHz
[2017.11.03-15.33.04:882][  0]LogMemory: Memory total: Physical=15.9GB (16GB approx)
[2017.11.03-15.33.04:882][  0]LogMemory: Platform Memory Stats for Windows
[2017.11.03-15.33.04:882][  0]LogMemory: Process Physical Memory: 275.14 MB used, 275.14 MB peak
[2017.11.03-15.33.04:882][  0]LogMemory: Process Virtual Memory: 260.90 MB used, 260.90 MB peak
[2017.11.03-15.33.04:882][  0]LogMemory: Physical Memory: 4279.54 MB used,  12022.61 MB free, 16302.15 MB total
[2017.11.03-15.33.04:882][  0]LogMemory: Virtual Memory: 638.98 MB used,  12022.61 MB free, 134217728.00 MB total
[2017.11.03-15.33.05:447][  0]LogInit: Using OS detected language (en-US).
[2017.11.03-15.33.05:448][  0]LogInit: Using OS detected locale (en-US).
[2017.11.03-15.33.05:550][  0]LogTextLocalizationManager: No specific localization for 'en-US' exists, so the 'en' localization will be used.
[2017.11.03-15.33.08:993][  0]LogD3D11RHI: D3D11 adapters:
[2017.11.03-15.33.09:031][  0]LogD3D11RHI:    0. 'NVIDIA GeForce GTX 680' (Feature Level 11_0)
[2017.11.03-15.33.09:031][  0]LogD3D11RHI:       2017/0/8151 MB DedicatedVideo/DedicatedSystem/SharedSystem, Outputs:2, VendorId:0x10de
[2017.11.03-15.33.09:033][  0]LogD3D11RHI:    1. 'Microsoft Basic Render Driver' (Feature Level 11_0)
[2017.11.03-15.33.09:033][  0]LogD3D11RHI:       0/0/8151 MB DedicatedVideo/DedicatedSystem/SharedSystem, Outputs:0, VendorId:0x1414
[2017.11.03-15.33.09:033][  0]LogD3D11RHI: Chosen D3D11 Adapter: 0
[2017.11.03-15.33.09:037][  0]LogD3D11RHI: Creating new Direct3DDevice
[2017.11.03-15.33.09:037][  0]LogD3D11RHI:     GPU DeviceId: 0x1180 (for the marketing name, search the web for "GPU Device Id")
[2017.11.03-15.33.09:037][  0]LogWindows: EnumDisplayDevices:
[2017.11.03-15.33.09:038][  0]LogWindows:    0. 'NVIDIA GeForce GTX 680' (P:1 D:1)
[2017.11.03-15.33.09:038][  0]LogWindows:    1. 'NVIDIA GeForce GTX 680' (P:0 D:1)
[2017.11.03-15.33.09:038][  0]LogWindows:    2. 'NVIDIA GeForce GTX 680' (P:0 D:0)
[2017.11.03-15.33.09:038][  0]LogWindows:    3. 'NVIDIA GeForce GTX 680' (P:0 D:0)
[2017.11.03-15.33.09:038][  0]LogWindows: DebugString: FoundDriverCount:4 
[2017.11.03-15.33.09:038][  0]LogD3D11RHI:     Adapter Name: NVIDIA GeForce GTX 680
[2017.11.03-15.33.09:038][  0]LogD3D11RHI:   Driver Version: 384.76 (internal:22.21.13.8476, unified:384.76)
[2017.11.03-15.33.09:038][  0]LogD3D11RHI:      Driver Date: 6-27-2017
[2017.11.03-15.33.09:038][  0]LogRHI: Texture pool is 1361 MB (70% of 1945 MB)
[2017.11.03-15.33.09:060][  0]LogD3D11RHI: Async texture creation enabled
[2017.11.03-15.33.09:076][  0]LogD3D11RHI: GPU Timing Frequency: 1000.000000 (Debug: 2 2)
[2017.11.03-15.33.09:079][  0]LogShaderCompilers: Guid format shader working directory is -33 characters bigger than the processId version (//cias-files.main.ad.rit.edu/rendershare/mxm9131/SecondCharacter/Character/MyProject/Intermediate/Shaders/WorkingDirectory/9112/).
[2017.11.03-15.33.09:079][  0]LogShaderCompilers: Cleaned the shader compiler working directory 'D:/Profiles/mxm9131/AppData/Local/Temp/UnrealShaderWorkingDir/A1F8AD8945D31C156D2AEAB87B71BC73/'.
[2017.11.03-15.33.09:079][  0]LogShaderCompilers:Display: Using Local Shader Compiler.
[2017.11.03-15.33.13:650][  0]LogTemp:Display: Loaded TP AllDesktopTargetPlatform
[2017.11.03-15.33.13:743][  0]LogTemp:Display: Loaded TP MacClientTargetPlatform
[2017.11.03-15.33.13:839][  0]LogTemp:Display: Loaded TP MacNoEditorTargetPlatform
[2017.11.03-15.33.13:959][  0]LogTemp:Display: Loaded TP MacServerTargetPlatform
[2017.11.03-15.33.14:061][  0]LogTemp:Display: Loaded TP MacTargetPlatform
[2017.11.03-15.33.14:157][  0]LogTemp:Display: Loaded TP WindowsClientTargetPlatform
[2017.11.03-15.33.14:265][  0]LogTemp:Display: Loaded TP WindowsNoEditorTargetPlatform
[2017.11.03-15.33.14:329][  0]LogTemp:Display: Loaded TP WindowsServerTargetPlatform
[2017.11.03-15.33.14:383][  0]LogTemp:Display: Loaded TP WindowsTargetPlatform
[2017.11.03-15.33.14:512][  0]LogTemp:Display: Loaded TP AndroidTargetPlatform
[2017.11.03-15.33.14:646][  0]LogTemp:Display: Loaded TP Android_ASTCTargetPlatform
[2017.11.03-15.33.14:722][  0]LogTemp:Display: Loaded TP Android_ATCTargetPlatform
[2017.11.03-15.33.14:810][  0]LogTemp:Display: Loaded TP Android_DXTTargetPlatform
[2017.11.03-15.33.14:886][  0]LogTemp:Display: Loaded TP Android_ETC1TargetPlatform
[2017.11.03-15.33.14:984][  0]LogTemp:Display: Loaded TP Android_ETC2TargetPlatform
[2017.11.03-15.33.15:195][  0]LogTemp:Display: Loaded TP Android_MultiTargetPlatform
[2017.11.03-15.33.15:195][  0]LogTemp:Display: Loaded TP Android_PVRTCTargetPlatform
[2017.11.03-15.33.15:244][  0]LogTemp:Display: Loaded TP HTML5TargetPlatform
[2017.11.03-15.33.15:456][  0]LogTemp:Display: Loaded TP IOSTargetPlatform
[2017.11.03-15.33.15:513][  0]LogTemp:Display: Loaded TP TVOSTargetPlatform
[2017.11.03-15.33.15:574][  0]LogTemp:Display: Loaded TP LinuxClientTargetPlatform
[2017.11.03-15.33.15:635][  0]LogTemp:Display: Loaded TP LinuxNoEditorTargetPlatform
[2017.11.03-15.33.15:697][  0]LogTemp:Display: Loaded TP LinuxServerTargetPlatform
[2017.11.03-15.33.15:763][  0]LogTemp:Display: Loaded TP LinuxTargetPlatform
[2017.11.03-15.33.15:763][  0]LogTargetPlatformManager:Display: Building Assets For Windows
[2017.11.03-15.33.17:666][  0]LogDerivedDataCache:Display: Max Cache Size: 512 MB
[2017.11.03-15.33.18:135][  0]LogDerivedDataCache: Loaded boot cache 0.47s 90MB D:/Profiles/mxm9131/AppData/Local/UnrealEngine/4.16/DerivedDataCache/Boot.ddc.
[2017.11.03-15.33.18:135][  0]LogDerivedDataCache:Display: Loaded Boot cache: D:/Profiles/mxm9131/AppData/Local/UnrealEngine/4.16/DerivedDataCache/Boot.ddc
[2017.11.03-15.33.18:136][  0]LogDerivedDataCache: FDerivedDataBackendGraph:  Pak pak cache file //cias-files.main.ad.rit.edu/rendershare/mxm9131/SecondCharacter/Character/MyProject/DerivedDataCache/DDC.ddp not found, will not use a pak cache.
[2017.11.03-15.33.18:136][  0]LogDerivedDataCache: Unable to find inner node Pak for hierarchical cache Hierarchy.
[2017.11.03-15.33.18:137][  0]LogDerivedDataCache: FDerivedDataBackendGraph:  CompressedPak pak cache file //cias-files.main.ad.rit.edu/rendershare/mxm9131/SecondCharacter/Character/MyProject/DerivedDataCache/Compressed.ddp not found, will not use a pak cache.
[2017.11.03-15.33.18:137][  0]LogDerivedDataCache: Unable to find inner node CompressedPak for hierarchical cache Hierarchy.
[2017.11.03-15.33.18:168][  0]LogDerivedDataCache:Display: Pak cache opened for reading ../../../Engine/DerivedDataCache/Compressed.ddp.
[2017.11.03-15.33.18:180][  0]LogDerivedDataCache: Using Local data cache path D:/Profiles/mxm9131/AppData/Local/UnrealEngine/Common/DerivedDataCache: Writable
[2017.11.03-15.33.18:191][  0]LogMaterial: Verifying Global Shaders for PCD3D_SM5
[2017.11.03-15.33.18:191][  0]LogSlate: Using Freetype 2.6.0
[2017.11.03-15.33.18:209][  0]LogSlate: SlateFontCache - WITH_FREETYPE: 1, WITH_HARFBUZZ: 1
[2017.11.03-15.33.18:209][  0]LogSlate: SlateFontCache - WITH_FREETYPE: 1, WITH_HARFBUZZ: 1
[2017.11.03-15.33.26:984][  0]LogInit: Selected Device Profile: [Windows]
[2017.11.03-15.33.27:247][  0]LogContentStreaming: Texture pool size is 0.00 MB
[2017.11.03-15.33.27:630][  0]LogMeshUtilities: Using QuadricMeshReduction for automatic static mesh reduction
[2017.11.03-15.33.27:847][  0]LogSimplygon: Simplygon DLL not present - disabling.
[2017.11.03-15.33.27:952][  0]LogMeshUtilities: Using SimplygonSwarm for distributed automatic mesh merging
[2017.11.03-15.33.27:952][  0]LogMeshUtilities: No automatic skeletal mesh reduction module available
[2017.11.03-15.33.27:952][  0]LogMeshUtilities: No automatic mesh merging module available
[2017.11.03-15.33.29:827][  0]LogNetVersion: MyProject , NetCL: 3452394, EngineNetVer: 2, GameNetVer: 0 (Checksum: 1111101373)
[2017.11.03-15.33.29:996][  0]LogAssetRegistry: FAssetRegistry took 0.0448 seconds to start up
[2017.11.03-15.33.31:048][  0]LogPackageLocalizationCache: Processed 4 localized package path(s) for 2 prioritized culture(s) in 0.998220 seconds
[2017.11.03-15.33.31:058][  0]LogUObjectArray: 34194 objects as part of root set at end of initial load.
[2017.11.03-15.33.31:059][  0]LogUObjectAllocator: 7260424 out of 0 bytes used by permanent object pool.
[2017.11.03-15.33.31:059][  0]LogUObjectArray: CloseDisregardForGC: 0/0 objects in disregard for GC pool
[2017.11.03-15.33.31:156][  0]LogInit: WinSock: version 1.1 (2.2), MaxSocks=32767, MaxUdp=65467
[2017.11.03-15.33.38:085][  0]LogTcpMessaging: Initializing TcpMessaging bridge
[2017.11.03-15.33.38:180][  0]LogUdpMessaging: Initializing bridge on interface 0.0.0.0:0 to multicast group 230.0.0.1:6666.
[2017.11.03-15.33.38:182][  0]LogDirectoryWatcher: A directory notification failed for '//cias-files.main.ad.rit.edu/rendershare/mxm9131/SecondCharacter/Character/MyProject/Content/' because it was empty or there was a buffer overflow. Attemping another request...
[2017.11.03-15.33.39:231][  0]LogMaterial: Uniform references updated for custom material expression Custom.
[2017.11.03-15.33.40:079][  0]SourceControl: Info Source control is disabled
[2017.11.03-15.33.40:208][  0]SourceControl: Info Source control is disabled
[2017.11.03-15.33.40:266][  0]SourceControl: Info Source control is disabled
[2017.11.03-15.33.40:323][  0]SourceControl: Info Source control is disabled
[2017.11.03-15.33.41:796][  0]LogAndroidPermission: UAndroidPermissionCallbackProxy::GetInstance
[2017.11.03-15.33.43:063][  0]LogEngine: Initializing Engine...
[2017.11.03-15.33.43:063][  0]LogHMD: Failed to initialize OpenVR with code 110
[2017.11.03-15.33.43:435][  0]LogStats: UGameplayTagsManager::ConstructGameplayTagTree: Construct from data asset -  0.000 s
[2017.11.03-15.33.43:435][  0]LogStats: UGameplayTagsManager::ConstructGameplayTagTree: GameplayTagTreeChangedEvent.Broadcast -  0.000 s
[2017.11.03-15.33.43:636][  0]LogAIModule: Creating AISystem for world Untitled
[2017.11.03-15.33.43:661][  0]LogInit: XAudio2 using 'Realtek Digital Output (Realtek High Definition Audio)' : 2 channels at 48 kHz using 16 bits per sample (channel mask 0x3)
[2017.11.03-15.33.43:813][  0]LogInit: FAudioDevice initialized.
[2017.11.03-15.33.43:861][  0]LogDerivedDataCache: Saved boot cache 0.05s 90MB D:/Profiles/mxm9131/AppData/Local/UnrealEngine/4.16/DerivedDataCache/Boot.ddc.
[2017.11.03-15.33.43:874][  0]LogInit: Texture streaming: Enabled
[2017.11.03-15.33.44:053][  0]LogEngineSessionManager: EngineSessionManager initialized
[2017.11.03-15.33.44:328][  0]LogInit: Transaction tracking system initialized
[2017.11.03-15.33.44:819][  0]BlueprintLog: New page: Editor Load
[2017.11.03-15.33.46:320][  0]LocalizationService: Info Localization service is disabled
[2017.11.03-15.33.47:625][  0]LogConsoleResponse:Display: 
[2017.11.03-15.33.48:050][  0]LogCook:Display: Max memory allowance for cook 16384mb min free memory 0mb
[2017.11.03-15.33.48:050][  0]LogCook:Display: Mobile HDR setting 1
[2017.11.03-15.33.48:535][  0]LogFileCache: Scanning file cache for directory '//cias-files.main.ad.rit.edu/rendershare/mxm9131/SecondCharacter/Character/MyProject/Content/' took 0.10s
[2017.11.03-15.33.50:223][  0]SourceControl: Info Source control is disabled
[2017.11.03-15.33.50:223][  0]Cmd: MAP LOAD FILE="//cias-files.main.ad.rit.edu/rendershare/mxm9131/SecondCharacter/Character/MyProject/Content/ThirdPersonBP/Maps/ThirdPersonExampleMap.umap" TEMPLATE=0 SHOWPROGRESS=1 FEATURELEVEL=3
[2017.11.03-15.33.50:244][  0]LightingResults: New page: Lighting Build
[2017.11.03-15.33.50:304][  0]MapCheck: New page: Map Check
[2017.11.03-15.33.50:304][  0]LightingResults: New page: Lighting Build
[2017.11.03-15.33.53:734][  0]LogTexture:Display: Building textures: SecondCharacter_Trousers_OcclusionRoughnessMetallic (AutoDXT, 2048X2048)
[2017.11.03-15.33.54:393][  0]LogTexture:Display: Building textures: SecondCharacter_Trousers_Normal (BC5, 2048X2048)
[2017.11.03-15.33.54:851][  0]LogTexture:Display: Building textures: SecondCharacter_Trousers_BaseColor (AutoDXT, 2048X2048)
[2017.11.03-15.33.55:652][  0]LogMaterial: Missing cached shader map for material Trousers, compiling. 
[2017.11.03-15.33.55:778][  0]LogTexture:Display: Building textures: SecondCharacter_Boots_OcclusionRoughnessMetallic (AutoDXT, 2048X2048)
[2017.11.03-15.33.56:746][  0]LogTexture:Display: Building textures: SecondCharacter_Boots_Normal (BC5, 2048X2048)
[2017.11.03-15.33.57:328][  0]LogTexture:Display: Building textures: SecondCharacter_Boots_BaseColor (AutoDXT, 2048X2048)
[2017.11.03-15.33.58:372][  0]LogMaterial: Missing cached shader map for material Shoes, compiling. 
[2017.11.03-15.33.58:610][  0]LogTexture:Display: Building textures: SecondCharacter_Pullover_BaseColor (AutoDXT, 2048X2048)
[2017.11.03-15.33.59:894][  0]LogTexture:Display: Building textures: SecondCharacter_Pullover_Normal (BC5, 2048X2048)
[2017.11.03-15.34.00:500][  0]LogTexture:Display: Building textures: SecondCharacter_Pullover_OcclusionRoughnessMetallic (AutoDXT, 2048X2048)
[2017.11.03-15.34.01:311][  0]LogMaterial: Missing cached shader map for material Pullunder, compiling. 
[2017.11.03-15.34.01:466][  0]LogTexture:Display: Building textures: SecondCharacter_Face_BaseColor (AutoDXT, 2048X2048)
[2017.11.03-15.34.02:648][  0]LogTexture:Display: Building textures: SecondCharacter_Face_Normal (BC5, 2048X2048)
[2017.11.03-15.34.03:188][  0]LogTexture:Display: Building textures: SecondCharacter_Face_OcclusionRoughnessMetallic (AutoDXT, 2048X2048)
[2017.11.03-15.34.03:891][  0]LogMaterial: Missing cached shader map for material Mouth, compiling. 
[2017.11.03-15.34.04:044][  0]LogTexture:Display: Building textures: SecondCharacter_Legs_OcclusionRoughnessMetallic (AutoDXT, 2048X2048)
[2017.11.03-15.34.04:623][  0]LogTexture:Display: Building textures: SecondCharacter_Legs_Normal (BC5, 2048X2048)
[2017.11.03-15.34.05:144][  0]LogTexture:Display: Building textures: SecondCharacter_Legs_BaseColor (AutoDXT, 2048X2048)
[2017.11.03-15.34.05:973][  0]LogMaterial: Missing cached shader map for material Legs, compiling. 
[2017.11.03-15.34.06:124][  0]LogTexture:Display: Building textures: SecondCharacter_Hands_OcclusionRoughnessMetallic (AutoDXT, 2048X2048)
[2017.11.03-15.34.06:743][  0]LogTexture:Display: Building textures: SecondCharacter_Hands_Normal (BC5, 2048X2048)
[2017.11.03-15.34.07:271][  0]LogTexture:Display: Building textures: SecondCharacter_Hands_BaseColor (AutoDXT, 2048X2048)
[2017.11.03-15.34.08:124][  0]LogMaterial: Missing cached shader map for material Hands, compiling. 
[2017.11.03-15.34.08:383][  0]LogTexture:Display: Building textures: SecondCharacter_Head_OcclusionRoughnessMetallic (AutoDXT, 2048X2048)
[2017.11.03-15.34.10:231][  0]LogTexture:Display: Building textures: SecondCharacter_Head_Normal (BC5, 2048X2048)
[2017.11.03-15.34.10:921][  0]LogTexture:Display: Building textures: SecondCharacter_Head_BaseColor (AutoDXT, 2048X2048)
[2017.11.03-15.34.12:824][  0]LogMaterial: Missing cached shader map for material Hair1, compiling. 
[2017.11.03-15.34.12:878][  0]LogMaterial: Missing cached shader map for material Face, compiling. 
[2017.11.03-15.34.13:220][  0]LogTexture:Display: Building textures: SecondCharacter_Belt_OcclusionRoughnessMetallic (AutoDXT, 2048X2048)
[2017.11.03-15.34.15:167][  0]LogTexture:Display: Building textures: SecondCharacter_Belt_Normal (BC5, 2048X2048)
[2017.11.03-15.34.15:895][  0]LogTexture:Display: Building textures: SecondCharacter_Belt_BaseColor (AutoDXT, 2048X2048)
[2017.11.03-15.34.17:208][  0]LogMaterial: Missing cached shader map for material Belt1, compiling. 
[2017.11.03-15.34.17:283][  0]LogMaterial: Missing cached shader map for material Arms, compiling. 
[2017.11.03-15.34.17:467][  0]LogAnimationCompression: Building Anim DDC data for AnimSequence /Game/Character/Models/IdleAnim_01Idle.IdleAnim_01Idle
[2017.11.03-15.34.17:477][  0]LogAnimationCompression: Building Anim DDC data for AnimSequence /Game/Character/Models/RunCycle_01RunCycle.RunCycle_01RunCycle
[2017.11.03-15.34.17:479][  0]LogAnimationCompression: Building Anim DDC data for AnimSequence /Game/Character/Models/WalkCycle_03WalkCycle.WalkCycle_03WalkCycle
[2017.11.03-15.34.17:557][  0]LogAIModule: Creating AISystem for world ThirdPersonExampleMap
[2017.11.03-15.34.17:649][  0]LogEditorServer: Finished looking for orphan Actors (0.000 secs)
[2017.11.03-15.34.17:677][  0]Cmd: MAP CHECKDEP NOCLEARLOG
[2017.11.03-15.34.17:912][  0]MapCheck: Info Map check complete: 0 Error(s), 0 Warning(s), took 235.454ms to complete.
[2017.11.03-15.34.17:913][  0]LogFileHelpers: Loading map 'ThirdPersonExampleMap' took 27.689
[2017.11.03-15.34.18:198][  0]LogCollectionManager: Loaded 0 collections in 0.009769 seconds
[2017.11.03-15.34.18:364][  0]LogFileCache: Scanning file cache for directory '//cias-files.main.ad.rit.edu/rendershare/mxm9131/SecondCharacter/Character/MyProject/Saved/Collections/' took 0.01s
[2017.11.03-15.34.18:364][  0]LogFileCache: Scanning file cache for directory '//cias-files.main.ad.rit.edu/rendershare/mxm9131/SecondCharacter/Character/MyProject/Content/Developers/mxm9131/Collections/' took 0.01s
[2017.11.03-15.34.18:364][  0]LogFileCache: Scanning file cache for directory '//cias-files.main.ad.rit.edu/rendershare/mxm9131/SecondCharacter/Character/MyProject/Content/Collections/' took 0.01s
[2017.11.03-15.34.18:364][  0]LogCollectionManager: Rebuilt the GUID cache for 0 collections in 0.000005 seconds
[2017.11.03-15.34.18:380][  0]LogContentBrowser: Native class hierarchy populated in 0.0160 seconds. Added 2329 classes and 491 folders.
[2017.11.03-15.34.18:519][  0]LogContentBrowser: Native class hierarchy updated for 'WidgetCarousel' in 0.0010 seconds. Added 0 classes and 0 folders.
[2017.11.03-15.34.19:080][  0]LogContentBrowser: Native class hierarchy updated for 'AddContentDialog' in 0.0010 seconds. Added 0 classes and 0 folders.
[2017.11.03-15.34.19:166][  0]LogContentBrowser: Native class hierarchy updated for 'SceneOutliner' in 0.0008 seconds. Added 1 classes and 2 folders.
[2017.11.03-15.34.19:268][  0]LogCrashTracker: Crashtracker disabled due to settings.
[2017.11.03-15.34.19:284][  0]LogSlate: Took 0.008261 seconds to synchronously load lazily loaded font '../../../Engine/Content/Slate/Fonts/Roboto-Regular.ttf' (155K)
[2017.11.03-15.34.19:295][  0]LogSlate: Took 0.007657 seconds to synchronously load lazily loaded font '../../../Engine/Content/Slate/Fonts/Roboto-Bold.ttf' (160K)
[2017.11.03-15.34.19:312][  0]LogSlate: Took 0.008994 seconds to synchronously load lazily loaded font '../../../Engine/Content/Editor/Slate/Fonts/FontAwesome.ttf' (139K)
[2017.11.03-15.34.19:563][  0]LogRenderer: Reallocating scene render targets to support 1208x576 NumSamples 1 (Frame:1).
[2017.11.03-15.34.19:748][  0]LogUObjectGlobals:Warning: Failed to find object 'Class None.'
[2017.11.03-15.34.19:853][  0]LogContentBrowser: Native class hierarchy updated for 'HierarchicalLODOutliner' in 0.0009 seconds. Added 1 classes and 2 folders.
[2017.11.03-15.34.19:853][  0]LogLoad: (Engine Initialization) Total time: 83.73 seconds
[2017.11.03-15.34.19:853][  0]LogLoad: (Engine Initialization) Total Blueprint compile time: 0.29 seconds
[2017.11.03-15.34.19:853][  0]LogExternalProfiler: Found external profiler: VSPerf
[2017.11.03-15.34.19:853][  0]LogExternalProfiler: Using external profiler: VSPerf
[2017.11.03-15.34.19:864][  0]LogWindowsTextInputMethodSystem:Display: IME system now deactivated.
[2017.11.03-15.34.19:864][  0]LogOcInput: OculusInput pre-init called
[2017.11.03-15.34.19:864][  0]LogHMD: Starting GearVRController plugin
[2017.11.03-15.34.19:882][  0]LogDirectoryWatcher: A directory notification failed for '//cias-files.main.ad.rit.edu/rendershare/mxm9131/SecondCharacter/Character/MyProject/Content/' because it was empty or there was a buffer overflow. Attemping another request...
[2017.11.03-15.34.19:883][  0]LogDirectoryWatcher: A directory notification failed for '//cias-files.main.ad.rit.edu/rendershare/mxm9131/SecondCharacter/Character/MyProject/Content/', and we were unable to create a new request.
[2017.11.03-15.34.19:883][  0]LogDirectoryWatcher: A directory notification failed for '//cias-files.main.ad.rit.edu/rendershare/mxm9131/SecondCharacter/Character/MyProject/Saved/Collections/' because it was empty or there was a buffer overflow. Attemping another request...
[2017.11.03-15.34.19:883][  0]LogDirectoryWatcher: A directory notification failed for '//cias-files.main.ad.rit.edu/rendershare/mxm9131/SecondCharacter/Character/MyProject/Content/Developers/mxm9131/Collections/' because it was empty or there was a buffer overflow. Attemping another request...
[2017.11.03-15.34.19:883][  0]LogDirectoryWatcher: A directory notification failed for '//cias-files.main.ad.rit.edu/rendershare/mxm9131/SecondCharacter/Character/MyProject/Content/Collections/' because it was empty or there was a buffer overflow. Attemping another request...
[2017.11.03-15.34.19:889][  0]LogContentStreaming: Texture pool size now 1000 MB
[2017.11.03-15.34.19:996][  0]LogSlate: Took 0.007996 seconds to synchronously load lazily loaded font '../../../Engine/Content/Slate/Fonts/Roboto-Light.ttf' (159K)
[2017.11.03-15.34.20:093][  1]LogDirectoryWatcher: A directory notification failed for '//cias-files.main.ad.rit.edu/rendershare/mxm9131/SecondCharacter/Character/MyProject/Saved/Collections/' because it was empty or there was a buffer overflow. Attemping another request...
[2017.11.03-15.34.20:094][  1]LogDirectoryWatcher: A directory notification failed for '//cias-files.main.ad.rit.edu/rendershare/mxm9131/SecondCharacter/Character/MyProject/Saved/Collections/', and we were unable to create a new request.
[2017.11.03-15.34.20:094][  1]LogDirectoryWatcher: A directory notification failed for '//cias-files.main.ad.rit.edu/rendershare/mxm9131/SecondCharacter/Character/MyProject/Content/Developers/mxm9131/Collections/' because it was empty or there was a buffer overflow. Attemping another request...
[2017.11.03-15.34.20:095][  1]LogDirectoryWatcher: A directory notification failed for '//cias-files.main.ad.rit.edu/rendershare/mxm9131/SecondCharacter/Character/MyProject/Content/Developers/mxm9131/Collections/', and we were unable to create a new request.
[2017.11.03-15.34.20:095][  1]LogDirectoryWatcher: A directory notification failed for '//cias-files.main.ad.rit.edu/rendershare/mxm9131/SecondCharacter/Character/MyProject/Content/Collections/' because it was empty or there was a buffer overflow. Attemping another request...
[2017.11.03-15.34.20:096][  1]LogDirectoryWatcher: A directory notification failed for '//cias-files.main.ad.rit.edu/rendershare/mxm9131/SecondCharacter/Character/MyProject/Content/Collections/', and we were unable to create a new request.
[2017.11.03-15.34.20:136][  2]LogAssetRegistry: Asset discovery search completed in 50.1603 seconds
[2017.11.03-15.34.20:141][  2]LogCollectionManager: Rebuilt the object cache for 0 collections in 0.000001 seconds (found 0 objects)
[2017.11.03-15.34.20:141][  2]LogCollectionManager: Fixed up redirectors for 0 collections in 0.000090 seconds (updated 0 objects)
[2017.11.03-15.34.27:394][570]LogTemp: Repeting last play command: Selected Viewport
[2017.11.03-15.34.28:064][570]LogBlueprintUserMessages: Early PlayInEditor Detection: Level '/Game/ThirdPersonBP/Maps/ThirdPersonExampleMap.ThirdPersonExampleMap:PersistentLevel' has LevelScriptBlueprint '/Game/ThirdPersonBP/Maps/ThirdPersonExampleMap.ThirdPersonExampleMap:PersistentLevel.ThirdPersonExampleMap' with GeneratedClass '/Game/ThirdPersonBP/Maps/ThirdPersonExampleMap.ThirdPersonExampleMap_C' with ClassGeneratedBy '/Game/ThirdPersonBP/Maps/ThirdPersonExampleMap.ThirdPersonExampleMap:PersistentLevel.ThirdPersonExampleMap'
[2017.11.03-15.34.28:064][570]LogPlayLevel: PlayLevel: No blueprints needed recompiling
[2017.11.03-15.34.28:065][570]PIE: New page: PIE session: ThirdPersonExampleMap (Nov 3, 2017, 7:34:28 AM)
[2017.11.03-15.34.28:065][570]LogPlayLevel: Creating play world package: /Game/ThirdPersonBP/Maps/UEDPIE_0_ThirdPersonExampleMap
[2017.11.03-15.34.28:098][570]LogPlayLevel: PIE: StaticDuplicateObject took: (0.033083s)
[2017.11.03-15.34.28:099][570]LogAIModule: Creating AISystem for world ThirdPersonExampleMap
[2017.11.03-15.34.28:099][570]LogPlayLevel: PIE: World Init took: (0.001016s)
[2017.11.03-15.34.28:100][570]LogPlayLevel: PIE: Created PIE world by copying editor world from /Game/ThirdPersonBP/Maps/ThirdPersonExampleMap.ThirdPersonExampleMap to /Game/ThirdPersonBP/Maps/UEDPIE_0_ThirdPersonExampleMap.ThirdPersonExampleMap (0.034440s)
[2017.11.03-15.34.28:119][570]LogInit: XAudio2 using 'Realtek Digital Output (Realtek High Definition Audio)' : 2 channels at 48 kHz using 16 bits per sample (channel mask 0x3)
[2017.11.03-15.34.28:140][570]LogInit: FAudioDevice initialized.
[2017.11.03-15.34.28:223][570]LogLoad: Game class is 'ThirdPersonGameMode_C'
[2017.11.03-15.34.28:234][570]LogWorld: Bringing World /Game/ThirdPersonBP/Maps/UEDPIE_0_ThirdPersonExampleMap.ThirdPersonExampleMap up for play (max tick rate 0) at 2017.11.03-11.34.28
[2017.11.03-15.34.28:235][570]LogWorld: Bringing up level for play took: 0.005454
[2017.11.03-15.34.28:346][570]LogContentBrowser: Native class hierarchy updated for 'MovieSceneCapture' in 0.0017 seconds. Added 11 classes and 0 folders.
[2017.11.03-15.34.28:348][570]PIE: Info Play in editor start time for /Game/ThirdPersonBP/Maps/UEDPIE_0_ThirdPersonExampleMap -0.196
[2017.11.03-15.34.28:349][570]LogBlueprintUserMessages: Late PlayInEditor Detection: Level '/Game/ThirdPersonBP/Maps/ThirdPersonExampleMap.ThirdPersonExampleMap:PersistentLevel' has LevelScriptBlueprint '/Game/ThirdPersonBP/Maps/ThirdPersonExampleMap.ThirdPersonExampleMap:PersistentLevel.ThirdPersonExampleMap' with GeneratedClass '/Game/ThirdPersonBP/Maps/ThirdPersonExampleMap.ThirdPersonExampleMap_C' with ClassGeneratedBy '/Game/ThirdPersonBP/Maps/ThirdPersonExampleMap.ThirdPersonExampleMap:PersistentLevel.ThirdPersonExampleMap'
[2017.11.03-15.43.34:377][ 43]LogBlueprintUserMessages: Early EndPlayMap Detection: Level '/Game/ThirdPersonBP/Maps/ThirdPersonExampleMap.ThirdPersonExampleMap:PersistentLevel' has LevelScriptBlueprint '/Game/ThirdPersonBP/Maps/ThirdPersonExampleMap.ThirdPersonExampleMap:PersistentLevel.ThirdPersonExampleMap' with GeneratedClass '/Game/ThirdPersonBP/Maps/ThirdPersonExampleMap.ThirdPersonExampleMap_C' with ClassGeneratedBy '/Game/ThirdPersonBP/Maps/ThirdPersonExampleMap.ThirdPersonExampleMap:PersistentLevel.ThirdPersonExampleMap'
[2017.11.03-15.43.34:412][ 43]LogBlueprintUserMessages: Late EndPlayMap Detection: Level '/Game/ThirdPersonBP/Maps/ThirdPersonExampleMap.ThirdPersonExampleMap:PersistentLevel' has LevelScriptBlueprint '/Game/ThirdPersonBP/Maps/ThirdPersonExampleMap.ThirdPersonExampleMap:PersistentLevel.ThirdPersonExampleMap' with GeneratedClass '/Game/ThirdPersonBP/Maps/ThirdPersonExampleMap.ThirdPersonExampleMap_C' with ClassGeneratedBy '/Game/ThirdPersonBP/Maps/ThirdPersonExampleMap.ThirdPersonExampleMap:PersistentLevel.ThirdPersonExampleMap'
[2017.11.03-15.45.26:961][490]LogTemp: Repeting last play command: Selected Viewport
[2017.11.03-15.45.26:980][490]LogBlueprintUserMessages: Early PlayInEditor Detection: Level '/Game/ThirdPersonBP/Maps/ThirdPersonExampleMap.ThirdPersonExampleMap:PersistentLevel' has LevelScriptBlueprint '/Game/ThirdPersonBP/Maps/ThirdPersonExampleMap.ThirdPersonExampleMap:PersistentLevel.ThirdPersonExampleMap' with GeneratedClass '/Game/ThirdPersonBP/Maps/ThirdPersonExampleMap.ThirdPersonExampleMap_C' with ClassGeneratedBy '/Game/ThirdPersonBP/Maps/ThirdPersonExampleMap.ThirdPersonExampleMap:PersistentLevel.ThirdPersonExampleMap'
[2017.11.03-15.45.26:980][490]LogPlayLevel: PlayLevel: No blueprints needed recompiling
[2017.11.03-15.45.26:980][490]PIE: New page: PIE session: ThirdPersonExampleMap (Nov 3, 2017, 7:45:26 AM)
[2017.11.03-15.45.26:981][490]LogPlayLevel: Creating play world package: /Game/ThirdPersonBP/Maps/UEDPIE_0_ThirdPersonExampleMap
[2017.11.03-15.45.27:001][490]LogPlayLevel: PIE: StaticDuplicateObject took: (0.020878s)
[2017.11.03-15.45.27:002][490]LogAIModule: Creating AISystem for world ThirdPersonExampleMap
[2017.11.03-15.45.27:003][490]LogPlayLevel: PIE: World Init took: (0.001138s)
[2017.11.03-15.45.27:003][490]LogPlayLevel: PIE: Created PIE world by copying editor world from /Game/ThirdPersonBP/Maps/ThirdPersonExampleMap.ThirdPersonExampleMap to /Game/ThirdPersonBP/Maps/UEDPIE_0_ThirdPersonExampleMap.ThirdPersonExampleMap (0.022275s)
[2017.11.03-15.45.27:019][490]LogInit: XAudio2 using 'Realtek Digital Output (Realtek High Definition Audio)' : 2 channels at 48 kHz using 16 bits per sample (channel mask 0x3)
[2017.11.03-15.45.27:033][490]LogInit: FAudioDevice initialized.
[2017.11.03-15.45.27:066][490]LogLoad: Game class is 'ThirdPersonGameMode_C'
[2017.11.03-15.45.27:069][490]LogWorld: Bringing World /Game/ThirdPersonBP/Maps/UEDPIE_0_ThirdPersonExampleMap.ThirdPersonExampleMap up for play (max tick rate 0) at 2017.11.03-11.45.27
[2017.11.03-15.45.27:069][490]LogWorld: Bringing up level for play took: 0.002087
[2017.11.03-15.45.27:070][490]PIE: Info Play in editor start time for /Game/ThirdPersonBP/Maps/UEDPIE_0_ThirdPersonExampleMap 0.493
[2017.11.03-15.45.27:070][490]LogBlueprintUserMessages: Late PlayInEditor Detection: Level '/Game/ThirdPersonBP/Maps/ThirdPersonExampleMap.ThirdPersonExampleMap:PersistentLevel' has LevelScriptBlueprint '/Game/ThirdPersonBP/Maps/ThirdPersonExampleMap.ThirdPersonExampleMap:PersistentLevel.ThirdPersonExampleMap' with GeneratedClass '/Game/ThirdPersonBP/Maps/ThirdPersonExampleMap.ThirdPersonExampleMap_C' with ClassGeneratedBy '/Game/ThirdPersonBP/Maps/ThirdPersonExampleMap.ThirdPersonExampleMap:PersistentLevel.ThirdPersonExampleMap'
[2017.11.03-15.47.22:320][311]LogBlueprintUserMessages: Early EndPlayMap Detection: Level '/Game/ThirdPersonBP/Maps/ThirdPersonExampleMap.ThirdPersonExampleMap:PersistentLevel' has LevelScriptBlueprint '/Game/ThirdPersonBP/Maps/ThirdPersonExampleMap.ThirdPersonExampleMap:PersistentLevel.ThirdPersonExampleMap' with GeneratedClass '/Game/ThirdPersonBP/Maps/ThirdPersonExampleMap.ThirdPersonExampleMap_C' with ClassGeneratedBy '/Game/ThirdPersonBP/Maps/ThirdPersonExampleMap.ThirdPersonExampleMap:PersistentLevel.ThirdPersonExampleMap'
[2017.11.03-15.47.22:353][311]LogBlueprintUserMessages: Late EndPlayMap Detection: Level '/Game/ThirdPersonBP/Maps/ThirdPersonExampleMap.ThirdPersonExampleMap:PersistentLevel' has LevelScriptBlueprint '/Game/ThirdPersonBP/Maps/ThirdPersonExampleMap.ThirdPersonExampleMap:PersistentLevel.ThirdPersonExampleMap' with GeneratedClass '/Game/ThirdPersonBP/Maps/ThirdPersonExampleMap.ThirdPersonExampleMap_C' with ClassGeneratedBy '/Game/ThirdPersonBP/Maps/ThirdPersonExampleMap.ThirdPersonExampleMap:PersistentLevel.ThirdPersonExampleMap'
[2017.11.03-16.07.04:778][794]Cmd: QUIT_EDITOR
[2017.11.03-16.07.05:715][794]LogWindowsTextInputMethodSystem:Display: IME system now deactivated.
[2017.11.03-16.07.05:748][794]LogExit: Preparing to exit.
[2017.11.03-16.07.06:226][794]LogExit: Editor shut down
[2017.11.03-16.07.06:233][794]LogExit: Transaction tracking system shut down
[2017.11.03-16.07.06:303][794]LogObj: Freed 0b from 0 cluster array pools.
[2017.11.03-16.07.06:303][794]LogExit: Object subsystem successfully closed.
[2017.11.03-16.07.06:332][794]LogD3D11RHI: Shutdown
[2017.11.03-16.07.06:332][794]LogD3D11RHI: CleanupD3DDevice
[2017.11.03-16.07.06:427][794]LogD3D11RHI: ~FD3D11DynamicRHI
[2017.11.03-16.07.06:448][794]LogModuleManager: Shutting down and abandoning module MovieSceneCapture (526)
[2017.11.03-16.07.06:448][794]LogModuleManager: Shutting down and abandoning module HierarchicalLODOutliner (524)
[2017.11.03-16.07.06:448][794]LogModuleManager: Shutting down and abandoning module CrashTracker (522)
[2017.11.03-16.07.06:448][794]LogModuleManager: Shutting down and abandoning module SceneOutliner (520)
[2017.11.03-16.07.06:448][794]LogModuleManager: Shutting down and abandoning module AddContentDialog (518)
[2017.11.03-16.07.06:448][794]LogDirectoryWatcher: A directory notification for 'C:/Program Files/Epic Games/UE_4.16/FeaturePacks/' was aborted.
[2017.11.03-16.07.06:449][794]LogModuleManager: Shutting down and abandoning module WidgetCarousel (517)
[2017.11.03-16.07.06:449][794]LogModuleManager: Shutting down and abandoning module EditorWidgets (514)
[2017.11.03-16.07.06:449][794]LogModuleManager: Shutting down and abandoning module CollectionManager (512)
[2017.11.03-16.07.06:450][794]LogModuleManager: Shutting down and abandoning module StatsViewer (510)
[2017.11.03-16.07.06:450][794]LogModuleManager: Shutting down and abandoning module FoliageEdit (508)
[2017.11.03-16.07.06:450][794]LogModuleManager: Shutting down and abandoning module LandscapeEditor (506)
[2017.11.03-16.07.06:450][794]LogModuleManager: Shutting down and abandoning module MeshPaintMode (504)
[2017.11.03-16.07.06:450][794]LogModuleManager: Shutting down and abandoning module SceneDepthPickerMode (502)
[2017.11.03-16.07.06:450][794]LogModuleManager: Shutting down and abandoning module ActorPickerMode (500)
[2017.11.03-16.07.06:450][794]LogModuleManager: Shutting down and abandoning module GeometryMode (498)
[2017.11.03-16.07.06:450][794]LogModuleManager: Shutting down and abandoning module TextureAlignMode (496)
[2017.11.03-16.07.06:450][794]LogModuleManager: Shutting down and abandoning module BspMode (494)
[2017.11.03-16.07.06:450][794]LogModuleManager: Shutting down and abandoning module HardwareSurvey (492)
[2017.11.03-16.07.06:450][794]LogModuleManager: Shutting down and abandoning module SequenceRecorderSections (490)
[2017.11.03-16.07.06:450][794]LogModuleManager: Shutting down and abandoning module AutomationWorker (488)
[2017.11.03-16.07.06:450][794]LogModuleManager: Shutting down and abandoning module MatineeToLevelSequence (486)
[2017.11.03-16.07.06:450][794]LogModuleManager: Shutting down and abandoning module LevelSequenceEditor (484)
[2017.11.03-16.07.06:450][794]LogModuleManager: Shutting down and abandoning module PlacementMode (483)
[2017.11.03-16.07.06:450][794]LogModuleManager: Shutting down and abandoning module WmfMediaFactory (480)
[2017.11.03-16.07.06:450][794]LogModuleManager: Shutting down and abandoning module WmfMediaEditor (478)
[2017.11.03-16.07.06:450][794]LogModuleManager: Shutting down and abandoning module AvfMediaFactory (476)
[2017.11.03-16.07.06:450][794]LogModuleManager: Shutting down and abandoning module AvfMediaEditor (474)
[2017.11.03-16.07.06:450][794]LogModuleManager: Shutting down and abandoning module AndroidMediaFactory (472)
[2017.11.03-16.07.06:450][794]LogModuleManager: Shutting down and abandoning module Media (471)
[2017.11.03-16.07.06:450][794]LogModuleManager: Shutting down and abandoning module AndroidMediaEditor (468)
[2017.11.03-16.07.06:450][794]LogModuleManager: Shutting down and abandoning module CharacterAI (466)
[2017.11.03-16.07.06:450][794]LogModuleManager: Shutting down and abandoning module AudioCapture (464)
[2017.11.03-16.07.06:450][794]LogModuleManager: Shutting down and abandoning module SequenceRecorder (463)
[2017.11.03-16.07.06:450][794]LogModuleManager: Shutting down and abandoning module SmartSnapping (460)
[2017.11.03-16.07.06:450][794]LogModuleManager: Shutting down and abandoning module SessionServices (458)
[2017.11.03-16.07.06:450][794]LogModuleManager: Shutting down and abandoning module ViewportSnapping (456)
[2017.11.03-16.07.06:450][794]LogModuleManager: Shutting down and abandoning module ViewportInteraction (454)
[2017.11.03-16.07.06:450][794]LogModuleManager: Shutting down and abandoning module ClothPainter (452)
[2017.11.03-16.07.06:450][794]LogModuleManager: Shutting down and abandoning module LogVisualizer (450)
[2017.11.03-16.07.06:450][794]LogModuleManager: Shutting down and abandoning module IntroTutorials (448)
[2017.11.03-16.07.06:450][794]LogModuleManager: Shutting down and abandoning module GameProjectGeneration (447)
[2017.11.03-16.07.06:450][794]LogModuleManager: Shutting down and abandoning module EditorLiveStreaming (444)
[2017.11.03-16.07.06:450][794]LogModuleManager: Shutting down and abandoning module IOSPlatformEditor (442)
[2017.11.03-16.07.06:450][794]LogModuleManager: Shutting down and abandoning module HTML5PlatformEditor (440)
[2017.11.03-16.07.06:450][794]LogModuleManager: Shutting down and abandoning module AndroidPlatformEditor (438)
[2017.11.03-16.07.06:450][794]LogModuleManager: Shutting down and abandoning module AndroidDeviceDetection (437)
[2017.11.03-16.07.06:796][794]LogModuleManager: Shutting down and abandoning module IOSRuntimeSettings (434)
[2017.11.03-16.07.06:796][794]LogModuleManager: Shutting down and abandoning module AndroidRuntimeSettings (432)
[2017.11.03-16.07.06:796][794]LogModuleManager: Shutting down and abandoning module InputBindingEditor (430)
[2017.11.03-16.07.06:796][794]LogModuleManager: Shutting down and abandoning module MergeActors (428)
[2017.11.03-16.07.06:796][794]LogModuleManager: Shutting down and abandoning module SizeMap (426)
[2017.11.03-16.07.06:796][794]LogModuleManager: Shutting down and abandoning module TreeMap (424)
[2017.11.03-16.07.06:796][794]LogModuleManager: Shutting down and abandoning module ReferenceViewer (422)
[2017.11.03-16.07.06:796][794]LogModuleManager: Shutting down and abandoning module LocalizationDashboard (420)
[2017.11.03-16.07.06:796][794]LogModuleManager: Shutting down and abandoning module LocalizationService (419)
[2017.11.03-16.07.06:796][794]LogModuleManager: Shutting down and abandoning module HardwareTargeting (416)
[2017.11.03-16.07.06:796][794]LogModuleManager: Shutting down and abandoning module DeviceProfileEditor (414)
[2017.11.03-16.07.06:796][794]LogModuleManager: Shutting down and abandoning module UndoHistory (412)
[2017.11.03-16.07.06:796][794]LogModuleManager: Shutting down and abandoning module UserFeedback (410)
[2017.11.03-16.07.06:796][794]LogModuleManager: Shutting down and abandoning module XmlParser (408)
[2017.11.03-16.07.06:796][794]LogModuleManager: Shutting down and abandoning module Blutility (406)
[2017.11.03-16.07.06:796][794]LogModuleManager: Shutting down and abandoning module ProjectSettingsViewer (404)
[2017.11.03-16.07.06:797][794]LogModuleManager: Shutting down and abandoning module ProjectTargetPlatformEditor (403)
[2017.11.03-16.07.06:797][794]LogModuleManager: Shutting down and abandoning module EditorSettingsViewer (400)
[2017.11.03-16.07.06:797][794]LogModuleManager: Shutting down and abandoning module SettingsEditor (398)
[2017.11.03-16.07.06:797][794]LogModuleManager: Shutting down and abandoning module ProjectLauncher (396)
[2017.11.03-16.07.06:797][794]LogModuleManager: Shutting down and abandoning module SessionFrontend (394)
[2017.11.03-16.07.06:797][794]LogModuleManager: Shutting down and abandoning module ProfilerClient (392)
[2017.11.03-16.07.06:797][794]LogModuleManager: Shutting down and abandoning module DeviceManager (390)
[2017.11.03-16.07.06:797][794]LogModuleManager: Shutting down and abandoning module TargetDeviceServices (389)
[2017.11.03-16.07.06:861][794]LogModuleManager: Shutting down and abandoning module AutomationController (386)
[2017.11.03-16.07.06:861][794]LogModuleManager: Shutting down and abandoning module AutomationWindow (384)
[2017.11.03-16.07.06:861][794]LogModuleManager: Shutting down and abandoning module Layers (382)
[2017.11.03-16.07.06:861][794]LogModuleManager: Shutting down and abandoning module ComponentVisualizers (380)
[2017.11.03-16.07.06:861][794]LogModuleManager: Shutting down and abandoning module DetailCustomizations (378)
[2017.11.03-16.07.06:861][794]LogModuleManager: Shutting down and abandoning module PackagesDialog (376)
[2017.11.03-16.07.06:861][794]LogModuleManager: Shutting down and abandoning module Persona (374)
[2017.11.03-16.07.06:861][794]LogModuleManager: Shutting down and abandoning module AdvancedPreviewScene (373)
[2017.11.03-16.07.06:861][794]LogModuleManager: Shutting down and abandoning module AnimGraph (371)
[2017.11.03-16.07.06:861][794]LogModuleManager: Shutting down and abandoning module Kismet (368)
[2017.11.03-16.07.06:862][794]LogModuleManager: Shutting down and abandoning module ClassViewer (366)
[2017.11.03-16.07.06:862][794]LogModuleManager: Shutting down and abandoning module Toolbox (364)
[2017.11.03-16.07.06:862][794]LogModuleManager: Shutting down and abandoning module ModuleUI (362)
[2017.11.03-16.07.06:862][794]LogModuleManager: Shutting down and abandoning module MovieSceneTools (360)
[2017.11.03-16.07.06:863][794]LogModuleManager: Shutting down and abandoning module OutputLog (358)
[2017.11.03-16.07.06:863][794]LogModuleManager: Shutting down and abandoning module GammaUI (356)
[2017.11.03-16.07.06:863][794]LogModuleManager: Shutting down and abandoning module Documentation (354)
[2017.11.03-16.07.06:863][794]LogModuleManager: Shutting down and abandoning module MovieSceneTracks (352)
[2017.11.03-16.07.06:863][794]LogModuleManager: Shutting down and abandoning module MovieScene (350)
[2017.11.03-16.07.06:863][794]LogModuleManager: Shutting down and abandoning module Niagara (348)
[2017.11.03-16.07.06:863][794]LogModuleManager: Shutting down and abandoning module NiagaraEditor (347)
[2017.11.03-16.07.06:863][794]LogModuleManager: Shutting down and abandoning module StreamingPauseRendering (344)
[2017.11.03-16.07.06:863][794]LogModuleManager: Shutting down and abandoning module AnalyticsET (342)
[2017.11.03-16.07.06:863][794]LogModuleManager: Shutting down and abandoning module PortalServices (340)
[2017.11.03-16.07.06:863][794]LogModuleManager: Shutting down and abandoning module PortalRpc (338)
[2017.11.03-16.07.06:863][794]LogModuleManager: Shutting down and abandoning module MessagingRpc (336)
[2017.11.03-16.07.06:863][794]LogModuleManager: Shutting down and abandoning module AIModule (334)
[2017.11.03-16.07.06:863][794]LogModuleManager: Shutting down and abandoning module GameplayDebugger (333)
[2017.11.03-16.07.06:863][794]LogModuleManager: Shutting down and abandoning module AITestSuite (331)
[2017.11.03-16.07.06:863][794]LogModuleManager: Shutting down and abandoning module ProfilerService (328)
[2017.11.03-16.07.06:880][794]LogModuleManager: Shutting down and abandoning module TaskGraph (326)
[2017.11.03-16.07.06:880][794]LogModuleManager: Shutting down and abandoning module SteamVRController (324)
[2017.11.03-16.07.06:880][794]LogModuleManager: Shutting down and abandoning module SteamVR (322)
[2017.11.03-16.07.06:880][794]LogModuleManager: Shutting down and abandoning module ProceduralMeshComponentEditor (320)
[2017.11.03-16.07.06:880][794]LogModuleManager: Shutting down and abandoning module ProceduralMeshComponent (318)
[2017.11.03-16.07.06:880][794]LogModuleManager: Shutting down and abandoning module OculusLibrary (316)
[2017.11.03-16.07.06:880][794]LogModuleManager: Shutting down and abandoning module OculusInput (314)
[2017.11.03-16.07.06:880][794]LogModuleManager: Shutting down and abandoning module MobilePatchingUtils (312)
[2017.11.03-16.07.06:880][794]LogModuleManager: Shutting down and abandoning module CustomMeshComponent (310)
[2017.11.03-16.07.06:880][794]LogModuleManager: Shutting down and abandoning module CableComponent (308)
[2017.11.03-16.07.06:880][794]LogModuleManager: Shutting down and abandoning module ArchVisCharacter (306)
[2017.11.03-16.07.06:880][794]LogModuleManager: Shutting down and abandoning module AndroidPermission (304)
[2017.11.03-16.07.06:880][794]LogModuleManager: Shutting down and abandoning module MediaPlayerEditor (300)
[2017.11.03-16.07.06:880][794]LogModuleManager: Shutting down and abandoning module HTML5Networking (298)
[2017.11.03-16.07.06:880][794]LogModuleManager: Shutting down and abandoning module AlembicImporter (296)
[2017.11.03-16.07.06:880][794]LogModuleManager: Shutting down and abandoning module AlembicLibrary (295)
[2017.11.03-16.07.06:880][794]LogModuleManager: Shutting down and abandoning module GeometryCache (294)
[2017.11.03-16.07.06:880][794]LogModuleManager: Shutting down and abandoning module GeometryCacheEd (293)
[2017.11.03-16.07.06:881][794]LogModuleManager: Shutting down and abandoning module SuperSearchEditor (288)
[2017.11.03-16.07.06:881][794]LogModuleManager: Shutting down and abandoning module SuperSearch (287)
[2017.11.03-16.07.06:881][794]LogModuleManager: Shutting down and abandoning module SpeedTreeImporter (284)
[2017.11.03-16.07.06:881][794]LogModuleManager: Shutting down and abandoning module PluginBrowser (282)
[2017.11.03-16.07.06:881][794]LogModuleManager: Shutting down and abandoning module MobileLauncherProfileWizard (280)
[2017.11.03-16.07.06:881][794]LogModuleManager: Shutting down and abandoning module VisualStudioSourceCodeAccess (278)
[2017.11.03-16.07.06:881][794]LogModuleManager: Shutting down and abandoning module DesktopPlatform (277)
[2017.11.03-16.07.06:881][794]LogModuleManager: Shutting down and abandoning module UObjectPlugin (274)
[2017.11.03-16.07.06:881][794]LogModuleManager: Shutting down and abandoning module SubversionSourceControl (272)
[2017.11.03-16.07.06:881][794]LogModuleManager: Shutting down and abandoning module PerforceSourceControl (270)
[2017.11.03-16.07.06:881][794]LogModuleManager: Shutting down and abandoning module GitSourceControl (268)
[2017.11.03-16.07.06:881][794]LogModuleManager: Shutting down and abandoning module SourceControl (267)
[2017.11.03-16.07.06:881][794]LogModuleManager: Shutting down and abandoning module LightPropagationVolumeEditor (264)
[2017.11.03-16.07.06:881][794]LogModuleManager: Shutting down and abandoning module PaperTiledImporter (262)
[2017.11.03-16.07.06:881][794]LogModuleManager: Shutting down and abandoning module PaperSpriteSheetImporter (260)
[2017.11.03-16.07.06:881][794]LogModuleManager: Shutting down and abandoning module Paper2DEditor (258)
[2017.11.03-16.07.06:881][794]LogModuleManager: Shutting down and abandoning module MeshPaint (257)
[2017.11.03-16.07.06:881][794]LogModuleManager: Shutting down and abandoning module LevelEditor (255)
[2017.11.03-16.07.06:882][794]LogModuleManager: Shutting down and abandoning module PixelInspectorModule (254)
[2017.11.03-16.07.06:882][794]LogModuleManager: Shutting down and abandoning module MainFrame (252)
[2017.11.03-16.07.06:882][794]LogModuleManager: Shutting down and abandoning module HotReload (251)
[2017.11.03-16.07.06:883][794]LogModuleManager: Shutting down and abandoning module PhysXVehiclesEditor (246)
[2017.11.03-16.07.06:883][794]LogModuleManager: Shutting down and abandoning module PhysXVehicles (244)
[2017.11.03-16.07.06:883][794]LogModuleManager: Shutting down and abandoning module LocationServicesBPLibrary (242)
[2017.11.03-16.07.06:883][794]LogModuleManager: Shutting down and abandoning module ImmediatePhysicsEditor (240)
[2017.11.03-16.07.06:883][794]LogModuleManager: Shutting down and abandoning module ImmediatePhysics (238)
[2017.11.03-16.07.06:883][794]LogModuleManager: Shutting down and abandoning module UdpMessaging (236)
[2017.11.03-16.07.06:984][794]LogModuleManager: Shutting down and abandoning module TcpMessaging (234)
[2017.11.03-16.07.07:085][794]LogModuleManager: Shutting down and abandoning module GameplayTagsEditor (232)
[2017.11.03-16.07.07:085][794]LogModuleManager: Shutting down and abandoning module FacialAnimationEditor (230)
[2017.11.03-16.07.07:085][794]LogModuleManager: Shutting down and abandoning module FacialAnimation (228)
[2017.11.03-16.07.07:085][794]LogModuleManager: Shutting down and abandoning module AssetManagerEditor (226)
[2017.11.03-16.07.07:085][794]LogModuleManager: Shutting down and abandoning module GraphEditor (225)
[2017.11.03-16.07.07:085][794]LogModuleManager: Shutting down and abandoning module ContentBrowser (223)
[2017.11.03-16.07.07:087][794]LogModuleManager: Shutting down and abandoning module LightPropagationVolumeRuntime (220)
[2017.11.03-16.07.07:087][794]LogModuleManager: Shutting down and abandoning module Paper2D (218)
[2017.11.03-16.07.07:087][794]LogModuleManager: Shutting down and abandoning module WindowsMoviePlayer (216)
[2017.11.03-16.07.07:087][794]LogModuleManager: Shutting down and abandoning module WmfMedia (214)
[2017.11.03-16.07.07:087][794]LogModuleManager: Shutting down and abandoning module ClothingSystemEditor (212)
[2017.11.03-16.07.07:087][794]LogModuleManager: Shutting down and abandoning module ClothingSystemRuntime (210)
[2017.11.03-16.07.07:088][794]LogModuleManager: Shutting down and abandoning module MediaAssets (208)
[2017.11.03-16.07.07:088][794]LogModuleManager: Shutting down and abandoning module GameLiveStreaming (206)
[2017.11.03-16.07.07:088][794]LogModuleManager: Shutting down and abandoning module VREditor (204)
[2017.11.03-16.07.07:088][794]LogModuleManager: Shutting down and abandoning module StringTableEditor (202)
[2017.11.03-16.07.07:088][794]LogModuleManager: Shutting down and abandoning module GameplayTasksEditor (200)
[2017.11.03-16.07.07:088][794]LogModuleManager: Shutting down and abandoning module BehaviorTreeEditor (198)
[2017.11.03-16.07.07:088][794]LogModuleManager: Shutting down and abandoning module FunctionalTesting (196)
[2017.11.03-16.07.07:088][794]LogModuleManager: Shutting down and abandoning module CollisionAnalyzer (194)
[2017.11.03-16.07.07:088][794]LogModuleManager: Shutting down and abandoning module UMG (192)
[2017.11.03-16.07.07:088][794]LogModuleManager: Shutting down and abandoning module UMGEditor (191)
[2017.11.03-16.07.07:089][794]LogModuleManager: Shutting down and abandoning module Sequencer (190)
[2017.11.03-16.07.07:089][794]LogModuleManager: Shutting down and abandoning module AssetTools (188)
[2017.11.03-16.07.07:089][794]LogModuleManager: Shutting down and abandoning module MessageLog (187)
[2017.11.03-16.07.07:089][794]LogModuleManager: Shutting down and abandoning module WorkspaceMenuStructure (186)
[2017.11.03-16.07.07:089][794]LogModuleManager: Shutting down and abandoning module SlateReflector (180)
[2017.11.03-16.07.07:089][794]LogModuleManager: Shutting down and abandoning module Slate (178)
[2017.11.03-16.07.07:089][794]LogModuleManager: Shutting down and abandoning module EditorStyle (176)
[2017.11.03-16.07.07:093][794]LogModuleManager: Shutting down and abandoning module SourceCodeAccess (174)
[2017.11.03-16.07.07:093][794]LogModuleManager: Shutting down and abandoning module HeadMountedDisplay (172)
[2017.11.03-16.07.07:093][794]LogModuleManager: Shutting down and abandoning module XAudio2 (170)
[2017.11.03-16.07.07:093][794]LogModuleManager: Shutting down and abandoning module Networking (168)
[2017.11.03-16.07.07:093][794]LogModuleManager: Shutting down and abandoning module Core (164)
[2017.11.03-16.07.07:093][794]LogModuleManager: Shutting down and abandoning module AssetRegistry (162)
[2017.11.03-16.07.07:906][794]LogDirectoryWatcher: A directory notification for '../../../Engine/Content/' was aborted.
[2017.11.03-16.07.07:907][794]LogDirectoryWatcher: A directory notification for '../../../Engine/Plugins/2D/Paper2D/Content/' was aborted.
[2017.11.03-16.07.07:907][794]LogDirectoryWatcher: A directory notification for '../../../Engine/Plugins/Runtime/GearVR/Content/' was aborted.
[2017.11.03-16.07.07:910][794]LogModuleManager: Shutting down and abandoning module DirectoryWatcher (161)
[2017.11.03-16.07.07:911][794]LogModuleManager: Shutting down and abandoning module KismetCompiler (158)
[2017.11.03-16.07.07:911][794]LogModuleManager: Shutting down and abandoning module LevelSequence (156)
[2017.11.03-16.07.07:911][794]LogModuleManager: Shutting down and abandoning module PhysXFormats (154)
[2017.11.03-16.07.07:911][794]LogModuleManager: Shutting down and abandoning module MeshUtilities (152)
[2017.11.03-16.07.07:911][794]LogModuleManager: Shutting down and abandoning module SimplygonSwarm (151)
[2017.11.03-16.07.07:911][794]LogModuleManager: Shutting down and abandoning module SimplygonMeshReduction (149)
[2017.11.03-16.07.07:911][794]LogModuleManager: Shutting down and abandoning module QuadricMeshReduction (147)
[2017.11.03-16.07.07:911][794]LogModuleManager: Shutting down and abandoning module DerivedDataCache (144)
[2017.11.03-16.07.08:010][794]LogDerivedDataCache: Shutdown
[2017.11.03-16.07.08:010][794]LogModuleManager: Shutting down and abandoning module TargetPlatform (142)
[2017.11.03-16.07.08:010][794]LogModuleManager: Shutting down and abandoning module VulkanShaderFormat (141)
[2017.11.03-16.07.08:010][794]LogModuleManager: Shutting down and abandoning module ShaderFormatVectorVM (139)
[2017.11.03-16.07.08:010][794]LogModuleManager: Shutting down and abandoning module ShaderFormatOpenGL (137)
[2017.11.03-16.07.08:010][794]LogModuleManager: Shutting down and abandoning module ShaderFormatD3D (135)
[2017.11.03-16.07.08:010][794]LogModuleManager: Shutting down and abandoning module MetalShaderFormat (133)
[2017.11.03-16.07.08:010][794]LogModuleManager: Shutting down and abandoning module TextureFormatUncompressed (131)
[2017.11.03-16.07.08:010][794]LogModuleManager: Shutting down and abandoning module TextureFormatPVR (129)
[2017.11.03-16.07.08:010][794]LogModuleManager: Shutting down and abandoning module TextureFormatDXT (127)
[2017.11.03-16.07.08:010][794]LogModuleManager: Shutting down and abandoning module TextureFormatIntelISPCTexComp (125)
[2017.11.03-16.07.08:010][794]LogModuleManager: Shutting down and abandoning module TextureFormatASTC (123)
[2017.11.03-16.07.08:010][794]LogModuleManager: Shutting down and abandoning module ImageWrapper (122)
[2017.11.03-16.07.08:010][794]LogModuleManager: Shutting down and abandoning module TextureFormatAndroid (119)
[2017.11.03-16.07.08:010][794]LogModuleManager: Shutting down and abandoning module AudioFormatOpus (117)
[2017.11.03-16.07.08:010][794]LogModuleManager: Shutting down and abandoning module AudioFormatOgg (115)
[2017.11.03-16.07.08:010][794]LogModuleManager: Shutting down and abandoning module AudioFormatADPCM (113)
[2017.11.03-16.07.08:010][794]LogModuleManager: Shutting down and abandoning module LinuxTargetPlatform (111)
[2017.11.03-16.07.08:010][794]LogModuleManager: Shutting down and abandoning module LinuxServerTargetPlatform (109)
[2017.11.03-16.07.08:010][794]LogModuleManager: Shutting down and abandoning module LinuxNoEditorTargetPlatform (107)
[2017.11.03-16.07.08:010][794]LogModuleManager: Shutting down and abandoning module LinuxClientTargetPlatform (105)
[2017.11.03-16.07.08:010][794]LogModuleManager: Shutting down and abandoning module TVOSTargetPlatform (103)
[2017.11.03-16.07.08:011][794]LogModuleManager: Shutting down and abandoning module Messaging (101)
[2017.11.03-16.07.08:011][794]LogModuleManager: Shutting down and abandoning module IOSTargetPlatform (99)
[2017.11.03-16.07.08:011][794]LogModuleManager: Shutting down and abandoning module HTML5TargetPlatform (97)
[2017.11.03-16.07.08:011][794]LogModuleManager: Shutting down and abandoning module Android_PVRTCTargetPlatform (95)
[2017.11.03-16.07.08:011][794]LogModuleManager: Shutting down and abandoning module Android_MultiTargetPlatform (93)
[2017.11.03-16.07.08:011][794]LogModuleManager: Shutting down and abandoning module Android_ETC2TargetPlatform (91)
[2017.11.03-16.07.08:011][794]LogModuleManager: Shutting down and abandoning module Android_ETC1TargetPlatform (89)
[2017.11.03-16.07.08:011][794]LogModuleManager: Shutting down and abandoning module Android_DXTTargetPlatform (87)
[2017.11.03-16.07.08:011][794]LogModuleManager: Shutting down and abandoning module Android_ATCTargetPlatform (85)
[2017.11.03-16.07.08:011][794]LogModuleManager: Shutting down and abandoning module Android_ASTCTargetPlatform (83)
[2017.11.03-16.07.08:011][794]LogModuleManager: Shutting down and abandoning module AndroidTargetPlatform (81)
[2017.11.03-16.07.08:011][794]LogModuleManager: Shutting down and abandoning module WindowsTargetPlatform (79)
[2017.11.03-16.07.08:011][794]LogModuleManager: Shutting down and abandoning module WindowsServerTargetPlatform (77)
[2017.11.03-16.07.08:011][794]LogModuleManager: Shutting down and abandoning module WindowsNoEditorTargetPlatform (75)
[2017.11.03-16.07.08:011][794]LogModuleManager: Shutting down and abandoning module WindowsClientTargetPlatform (73)
[2017.11.03-16.07.08:011][794]LogModuleManager: Shutting down and abandoning module MacTargetPlatform (71)
[2017.11.03-16.07.08:011][794]LogModuleManager: Shutting down and abandoning module MacServerTargetPlatform (69)
[2017.11.03-16.07.08:011][794]LogModuleManager: Shutting down and abandoning module MacNoEditorTargetPlatform (67)
[2017.11.03-16.07.08:011][794]LogModuleManager: Shutting down and abandoning module MacClientTargetPlatform (65)
[2017.11.03-16.07.08:011][794]LogModuleManager: Shutting down and abandoning module AllDesktopTargetPlatform (63)
[2017.11.03-16.07.08:011][794]LogModuleManager: Shutting down and abandoning module InputCore (60)
[2017.11.03-16.07.08:011][794]LogModuleManager: Shutting down and abandoning module Settings (58)
[2017.11.03-16.07.08:011][794]LogModuleManager: Shutting down and abandoning module OculusRift (56)
[2017.11.03-16.07.08:011][794]LogModuleManager: Shutting down and abandoning module GearVRController (54)
[2017.11.03-16.07.08:011][794]LogModuleManager: Shutting down and abandoning module GearVR (52)
[2017.11.03-16.07.08:011][794]LogModuleManager: Shutting down and abandoning module ExampleDeviceProfileSelector (50)
[2017.11.03-16.07.08:011][794]LogModuleManager: Shutting down and abandoning module OnlineBlueprintSupport (48)
[2017.11.03-16.07.08:011][794]LogModuleManager: Shutting down and abandoning module OnlineSubsystem (44)
[2017.11.03-16.07.08:011][794]LogOnline:Display: Unloading online subsystem: NULL
[2017.11.03-16.07.08:011][794]LogModuleManager: Shutting down and abandoning module XMPP (43)
[2017.11.03-16.07.08:012][794]LogModuleManager: Shutting down and abandoning module HTTP (41)
[2017.11.03-16.07.08:012][794]LogHttp:Display: Http module shutting down, but needs to wait on 1 outstanding Http requests:
[2017.11.03-16.07.08:012][794]LogHttp:Display: 	verb=[POST] url=[https://datarouter.ol.epicgames.com/datarouter/api/v1/public/data?SessionID=%7B30C2BC34-4EB9-394A-F154-218089E43B39%7D&AppID=UEEditor.Rocket.Release&AppVersion=4.16.2-3514769%2B%2B%2BUE4%2BRelease-4.16&UserID=e2ab231e40d27450fa128ab49b897612%7C68d442d0af154ac8aedc6e8823f2b5dc%7Cb1fd0c28-dc76-4b46-8c9a-e72db275e7c0&AppEnvironment=datacollector-binary&UploadType=eteventstream] status=Processing
[2017.11.03-16.07.08:040][794]LogModuleManager: Shutting down and abandoning module SSL (40)
[2017.11.03-16.07.08:042][794]LogModuleManager: Shutting down and abandoning module HTTPChunkInstaller (36)
[2017.11.03-16.07.08:042][794]LogModuleManager: Shutting down and abandoning module AnimationModifiers (34)
[2017.11.03-16.07.08:042][794]LogModuleManager: Shutting down and abandoning module PropertyEditor (33)
[2017.11.03-16.07.08:042][794]LogModuleManager: Shutting down and abandoning module AudioEditor (30)
[2017.11.03-16.07.08:042][794]LogModuleManager: Shutting down and abandoning module TextureCompressor (28)
[2017.11.03-16.07.08:042][794]LogModuleManager: Shutting down and abandoning module ShaderCore (26)
[2017.11.03-16.07.08:042][794]LogModuleManager: Shutting down and abandoning module Landscape (24)
[2017.11.03-16.07.08:042][794]LogModuleManager: Shutting down and abandoning module SlateRHIRenderer (22)
[2017.11.03-16.07.08:044][794]LogModuleManager: Shutting down and abandoning module OpenGLDrv (20)
[2017.11.03-16.07.08:044][794]LogModuleManager: Shutting down and abandoning module D3D11RHI (18)
[2017.11.03-16.07.08:044][794]LogModuleManager: Shutting down and abandoning module AnimGraphRuntime (16)
[2017.11.03-16.07.08:044][794]LogModuleManager: Shutting down and abandoning module Renderer (14)
[2017.11.03-16.07.08:044][794]LogModuleManager: Shutting down and abandoning module Engine (12)
[2017.11.03-16.07.08:044][794]LogModuleManager: Shutting down and abandoning module CoreUObject (10)
[2017.11.03-16.07.08:044][794]LogModuleManager: Shutting down and abandoning module NetworkFile (8)
[2017.11.03-16.07.08:044][794]LogModuleManager: Shutting down and abandoning module StreamingFile (6)
[2017.11.03-16.07.08:044][794]LogModuleManager: Shutting down and abandoning module SandboxFile (4)
[2017.11.03-16.07.08:044][794]LogModuleManager: Shutting down and abandoning module PakFile (2)
[2017.11.03-16.07.08:047][794]LogExit: Exiting.
[2017.11.03-16.07.08:077][794]Log file closed, 11/03/17 12:07:08
